<?xml version="1.0" encoding="UTF-8"?>
<!-- Generated by org.testng.reporters.JUnitXMLReporter -->
<testsuite ignored="0" hostname="DESKTOP-TMRMSHO" failures="0" tests="9" name="Surefire test" time="0.309" errors="0" timestamp="05 дек. 2024 14:15:43 GMT">
  <testcase classname="org.example.CarGarageTest" name="TestAddNewCarTest" time="0.17"/>
  <testcase classname="org.example.CarGarageTest" name="TestAllCarsOfBrandTest" time="0.002"/>
  <testcase classname="org.example.CarGarageTest" name="TestAllCarsOfOwnerTest" time="0.002"/>
  <testcase classname="org.example.CarGarageTest" name="TestAllCarsUniqueOwnersTest" time="0.001"/>
  <testcase classname="org.example.CarGarageTest" name="TestCarsWithPowerMoreThanTest" time="0.005"/>
  <testcase classname="org.example.CarGarageTest" name="TestMeanCarNumberForEachOwnerTest" time="0.005"/>
  <testcase classname="org.example.CarGarageTest" name="TestMeanOwnersAgeOfCarBrandTest" time="0.001"/>
  <testcase classname="org.example.CarGarageTest" name="TestRemoveCarTest" time="0.003"/>
  <testcase classname="org.example.CarGarageTest" name="TestTopThreeCarsByMaxVelocityTest" time="0.001"/>
</testsuite> <!-- Surefire test -->
